<?xml version="1.0" encoding="UTF-8"?>
<!-- Generated by org.testng.reporters.JUnitXMLReporter -->
<testsuite hostname="LIN66005304" name="test1" tests="2" failures="1" timestamp="12 Jun 2019 12:39:08 GMT" time="33.258" errors="0">
  <testcase name="Import_Script_data" time="2.597" classname="com.testcases.ImportN50data">
    <failure type="java.lang.NullPointerException">
      <![CDATA[java.lang.NullPointerException
	at com.testcases.ImportN50data.Import_Script_data(ImportN50data.java:58)
... Removed 24 stack frames]]>
    </failure>
  </testcase> <!-- Import_Script_data -->
  <testcase name="test_Import_N50_data" time="15.212" classname="com.testcases.ImportN50data"/>
</testsuite> <!-- test1 -->
