<?xml version="1.0" encoding="UTF-8"?>
<testng-results skipped="0" failed="0" total="1" passed="1">
  <reporter-output>
  </reporter-output>
  <suite name="Default suite" duration-ms="33847" started-at="2019-05-03T09:37:57Z" finished-at="2019-05-03T09:38:30Z">
    <groups>
    </groups>
    <test name="Default test" duration-ms="33847" started-at="2019-05-03T09:37:57Z" finished-at="2019-05-03T09:38:30Z">
      <class name="com.testcases.ImportN50data">
        <test-method status="PASS" signature="setup()[pri:0, instance:com.testcases.ImportN50data@d7b1517]" name="setup" is-config="true" duration-ms="17313" started-at="2019-05-03T15:07:57Z" finished-at="2019-05-03T15:08:14Z">
          <reporter-output>
          </reporter-output>
        </test-method> <!-- setup -->
        <test-method status="PASS" signature="test_Import_N50_data()[pri:0, instance:com.testcases.ImportN50data@d7b1517]" name="test_Import_N50_data" duration-ms="15791" started-at="2019-05-03T15:08:14Z" finished-at="2019-05-03T15:08:30Z">
          <reporter-output>
          </reporter-output>
        </test-method> <!-- test_Import_N50_data -->
        <test-method status="PASS" signature="teardown()[pri:0, instance:com.testcases.ImportN50data@d7b1517]" name="teardown" is-config="true" duration-ms="726" started-at="2019-05-03T15:08:30Z" finished-at="2019-05-03T15:08:30Z">
          <reporter-output>
          </reporter-output>
        </test-method> <!-- teardown -->
      </class> <!-- com.testcases.ImportN50data -->
    </test> <!-- Default test -->
  </suite> <!-- Default suite -->
</testng-results>
