<?xml version="1.0" encoding="UTF-8"?>
<testng-results skipped="0" failed="0" total="1" passed="1">
  <reporter-output>
  </reporter-output>
  <suite name="Suite1" duration-ms="23829" started-at="2019-05-02T11:36:11Z" finished-at="2019-05-02T11:36:35Z">
    <groups>
    </groups>
    <test name="test1" duration-ms="23829" started-at="2019-05-02T11:36:11Z" finished-at="2019-05-02T11:36:35Z">
      <class name="com.testcases.ImportN50data">
        <test-method status="PASS" signature="setup()[pri:0, instance:com.testcases.ImportN50data@d7b1517]" name="setup" is-config="true" duration-ms="12089" started-at="2019-05-02T17:06:11Z" finished-at="2019-05-02T17:06:23Z">
          <reporter-output>
          </reporter-output>
        </test-method> <!-- setup -->
        <test-method status="PASS" signature="test_Import_N50_data()[pri:0, instance:com.testcases.ImportN50data@d7b1517]" name="test_Import_N50_data" duration-ms="11012" started-at="2019-05-02T17:06:23Z" finished-at="2019-05-02T17:06:34Z">
          <reporter-output>
          </reporter-output>
        </test-method> <!-- test_Import_N50_data -->
        <test-method status="PASS" signature="teardown()[pri:0, instance:com.testcases.ImportN50data@d7b1517]" name="teardown" is-config="true" duration-ms="715" started-at="2019-05-02T17:06:34Z" finished-at="2019-05-02T17:06:35Z">
          <reporter-output>
          </reporter-output>
        </test-method> <!-- teardown -->
      </class> <!-- com.testcases.ImportN50data -->
    </test> <!-- test1 -->
  </suite> <!-- Suite1 -->
</testng-results>
